error: Nov-22-2022 11:01:21: 	Not found
error: Nov-22-2022 11:02:03: 	Not found
error: Nov-22-2022 11:02:13: 	Not found
error: Nov-22-2022 11:10:21: 	Not found
error: Nov-22-2022 11:10:40: 	Not found
error: Nov-22-2022 11:11:36: 	Not found
error: Nov-22-2022 11:11:59: 	dfsafdsaf
error: Nov-22-2022 11:12:58: 	Not found
error: Nov-22-2022 11:15:52: 	Not found
error: Nov-22-2022 11:17:42: 	Not found
error: Nov-22-2022 11:18:17: 	Not found
error: Nov-22-2022 11:18:32: 	Not found
error: Nov-22-2022 11:18:45: 	Not found sadfsdf
error: Nov-22-2022 11:20:04: 	Not found sadfsdf
error: Nov-22-2022 11:20:46: 	Not found!
error: Nov-22-2022 11:21:26: 	a is not defined
error: Nov-22-2022 11:24:12: 	a5e02c3e-c2e0-4d21-94e4-cf5e0cbca716----/checkstatus-----GET-----a is not defined
error: Nov-22-2022 11:25:10: 	7437aa5c-3b61-4ab6-a98a-e77330be125c----/checkstatussd-----GET-----Not found!
error: Nov-22-2022 14:47:16: 	e1d49bfb-d8b8-45d7-af0a-11e9799b27c5----/checkstatus-----GET-----Not found!
error: Nov-22-2022 14:57:54: 	1b79a59f-6562-4f1e-b9bc-187ff7abf64b----/v1/checkstatus-----GET-----Not found!
error: Nov-22-2022 15:19:11: 	177d0cea-1024-42e2-924e-110b3e30ccde----/routes/-----GET-----Not found!
error: Nov-22-2022 15:19:22: 	d94d44b9-5d06-48d1-a640-6caa6b14b85b----/routes/v1/-----GET-----Not found!
error: Nov-22-2022 15:19:26: 	2b545064-5389-435d-9b83-2a6e99a37e9f----/routes/v1-----GET-----Not found!
error: Nov-22-2022 15:27:07: 	7e86bfd2-54a4-4964-b58e-4e03c2e45aa3----/v1/ord-----GET-----Not found!
error: Nov-22-2022 15:27:32: 	3976add2-be3a-41e7-a7c2-34dc54565e63----/v1/order-----GET-----Not found!
error: Nov-22-2022 15:37:09: 	98723b38-18cc-426f-9bce-5919e6b8aa73----/v1/categories/showList-----GET-----Not found!
error: Nov-22-2022 15:37:25: 	e19f6cc5-a50f-45fc-9628-672037858b28----/v1/-----GET-----Not found!
error: Nov-22-2022 15:49:24: 	c49e72f8-ee80-4de5-ab94-f48809fb9f0b----/v1/upload/image-----POST-----ENOENT: no such file or directory, open 'E:\Workspace\Aptech\finalProject\ToCoShop\backend\public\images\products\file-1669106964059.jpeg'
error: Nov-22-2022 15:51:41: 	f24a8b66-06b7-4ff8-9564-a718cca08b7e----/v1/upload/image-----POST-----ENOENT: no such file or directory, open 'E:\Workspace\Aptech\finalProject\ToCoShop\backend\public\images\products\file-1669107101557.jpeg'
error: Nov-22-2022 16:05:25: 	b39a2a4d-b9f1-43d6-be41-3e07deccc97f----/v1/upload/-----POST-----Not found!
error: Nov-22-2022 16:05:52: 	1ca1653a-9fdc-42e4-adee-e9e3d77ffb50----/v1/upload/-----POST-----Not found!
error: Nov-22-2022 16:05:59: 	97964dcb-7bb5-40cb-94a0-c30746273ee1----/v1/upload-----POST-----Not found!
error: Nov-22-2022 16:07:08: 	8f82409a-9bfc-41a8-81b7-7bf576f852a9----/v1/upload-----POST-----Not found!
error: Nov-22-2022 16:15:49: 	386b0509-c5fb-4f81-8e62-0ef8fc1c17a6----/v1/upload/image/dfdf33-----POST-----Not found!
error: Nov-22-2022 16:18:55: 	dddcc4dc-0c28-4d6f-a412-485394a2a385----/v1/upload/image/dfdf33-----POST-----Only image files are allowed!
error: Nov-23-2022 08:33:22: 	aff216db-8275-4334-a05d-2e4db80a95a8----/v1/upload/image/dfdf33-----POST-----Not found!
error: Nov-23-2022 08:34:33: 	f67a05fb-d625-47dc-a992-598f58ff782d----/v1/upload/image/dfdf33-----POST-----Not found!
error: Nov-23-2022 08:36:28: 	42c7447b-d911-441d-bce5-6140a3849dcc----/v1/upload/productImage/dfdf33-----POST-----Not found!
error: Nov-23-2022 08:48:40: 	4be98405-f7d7-4939-b09f-990663e0e74b----/v1/upload/productImage/dfdf33-----POST-----ENOENT: no such file or directory, open 'E:\Workspace\Aptech\finalProject\ToCoShop\backend\public\images\categories\dfdf33\file-1669168120165.jpeg'
error: Nov-23-2022 08:50:23: 	d22a3252-366f-4677-b653-6bcc85cb73ca----/v1/upload/productImage/dfdf33-----POST-----ENOENT: no such file or directory, open 'E:\Workspace\Aptech\finalProject\ToCoShop\backend\public\uploads\images\categories\dfdf33\file-1669168223243.jpeg'
error: Nov-23-2022 10:00:04: 	ce265ed4-70fd-4871-837a-d43a31b612b8----/v1/upload/suppliersImage/123s4f-----POST-----Url is wrong
error: Nov-23-2022 10:01:13: 	8313d8f7-2a19-4aac-94d5-fb46c11b222f----/v1/upload/suppliersImage/123s4f-----POST-----Can not find the name Collection in the Url
error: Nov-23-2022 10:25:19: 	013f7e91-0fef-443a-adf2-acd8d2227d64----/v1/categories/categoryImage/2324/dfg-----POST-----Not found!
error: Nov-23-2022 10:25:24: 	3109a551-1810-4caa-9109-c98effb8db5a----/v1/categories//-----POST-----Not found!
error: Nov-23-2022 10:25:27: 	7cc229d5-ee3d-4934-9559-ca2b76a493c0----/v1/categories/-----POST-----Not found!
error: Nov-23-2022 10:25:29: 	553cf697-6b5d-4033-8b91-c4cddb04473b----/v1/categories-----POST-----Not found!
error: Nov-23-2022 10:26:00: 	f4271b95-2375-488e-9f1c-aa8b6b459275----/v1/categories-----POST-----Not found!
error: Nov-23-2022 10:26:37: 	810d6b96-9d16-404b-8814-11e1850e6239----/v1/categories/-----POST-----Not found!
error: Nov-23-2022 10:27:35: 	3acdcb05-3434-44ac-89de-86bde1bf2d7a----/v1/categories////-----GET-----Not found!
error: Nov-23-2022 10:27:37: 	1a24caaf-875f-4838-8dd7-5ab03d60c495----/v1/categories///-----GET-----Not found!
error: Nov-23-2022 10:27:40: 	b91a6966-342c-4c05-9518-ad908040263c----/v1/categories//sd-----GET-----Not found!
error: Nov-24-2022 09:30:34: 	a3c40e6d-c94e-4f52-8787-cfe65ea10833----/v1/categories/categoryImage/632c4b02ec2ad3757f85c06a-----POST-----Cannot read properties of undefined (reading 'filename')
error: Nov-24-2022 09:31:17: 	2242b3dc-8132-40cd-be68-faf007c4e782----/v1/categories/categoryImage/632c4b02ec2ad3757f85c06a-----POST-----Cannot read properties of undefined (reading 'filename')
error: Nov-24-2022 09:39:50: 	ac3ab559-0dad-4ad1-9f48-8f933ae6d77e----/v1/categories/categoryImage/632c4b02ec2ad3757f85c06a-----POST-----Cannot read properties of undefined (reading 'filename')
error: Nov-24-2022 09:46:34: 	635ba85b-9193-46b7-9e98-d1fd46f54e42----/v1/categories/categoryImage/632c4b02ec2ad3757f85c06a-----POST-----Cannot read properties of undefined (reading 'filename')
error: Nov-24-2022 09:47:32: 	3aab048e-fd9f-41d8-bb41-451dd49d2f9c----/v1/categories/categoryImage/632c4b02ec2ad3757f85c06a-----POST-----Cannot read properties of undefined (reading 'filename')
error: Nov-24-2022 09:48:13: 	53800772-5da3-4969-8486-8328a5af108f----/v1/categories/categoryImage/632c4b02ec2ad3757f85c06a-----POST-----Cannot read properties of undefined (reading 'filename')
error: Nov-24-2022 11:16:06: 	92493209-e269-4c66-b324-83dbdb0eff28----/v1/categories/categoryImage/632c4b02ec2ad3757f85c06a-----POST-----Only image files are allowed!
error: Nov-24-2022 11:17:02: 	e6f871de-3261-472b-b52e-6a42b6b77a37----/v1/upload/productImage/sdff-----GET-----Not found!
error: Nov-24-2022 11:17:49: 	5336b493-1a01-4612-b438-78e227c3b676----/v1/upload/productImage/sdff-----POST-----Only image files are allowed!
error: Nov-24-2022 11:17:52: 	df80e572-8efa-45dd-ae53-8f252c009180----/v1/upload/productImage/sdff-----POST-----Only image files are allowed!
error: Nov-24-2022 11:19:53: 	82976539-d569-4adb-9e1a-aa1764f347e5----/v1/categories/categoryImage/632c4b02ec2ad3757f85c06a-----POST-----Only image files are allowed!
error: Nov-24-2022 11:20:24: 	df353eb4-eb64-4af7-9245-4700d63ab218----/v1/categories/categoryImage/632c4b02ec2ad3757f85c06a-----POST-----Only image files are allowed!
error: Nov-24-2022 11:32:35: 	cfd1c707-d34d-4235-9ca7-3ac452ecdcb5----/v1/categories/categoryImage/632c4b02ec2ad3757f85c06a-----POST-----Only image files are allowed!
error: Nov-24-2022 15:07:14: 	a812280e-5d80-41c4-87e1-827ef9fd7b41----/v1//categoryImage/dsfsfdsaf-----POST-----Not found!
error: Nov-24-2022 16:33:06: 	e94f94ea-57ef-4c23-91f3-ca4c552d4271----/v1/suppliers/insertOne-----POST-----Unexpected token , in JSON at position 183
error: Nov-25-2022 11:27:09: 	Database connection failed: MongoServerError: bad auth : Authentication failed.
error: Nov-25-2022 22:10:40: 	c83037ff-4759-47ce-a572-710364084ea2----/ordersOnlineShopMongoose/insert-----POST-----Not found!
error: Nov-28-2022 08:28:52: 	2da6f454-2a75-40ad-80cf-b5bf2ff1c20c----/v1/login-----GET-----Not found!
error: Nov-29-2022 09:29:15: 	ab23f816-0be6-4dd5-88c5-1cfaceb09f71----/categories-----GET-----Not found!
error: Nov-29-2022 09:29:15: 	bc0f2a18-d76f-4908-b96c-4152f0065559----/categories-----GET-----Not found!
error: Nov-29-2022 09:30:29: 	df3e3d91-8edd-455f-baaf-3866fbad700c----/categories-----GET-----Not found!
error: Nov-29-2022 09:31:41: 	bce2df23-39ad-4daa-846a-db918a6e69d7----/images/categories/632c5b9820b1aa1ad2791c2b/file-1667316422754.jpeg-----GET-----Not found!
error: Nov-29-2022 09:35:26: 	5faabd71-291e-4e6a-b92b-63116257d83e----/images/categories/632c5b9820b1aa1ad2791c2b/file-1667316422754.jpeg-----GET-----Not found!
error: Nov-29-2022 09:36:03: 	7f239cb5-7d03-4da5-8509-6238e8fee9c1----/images/categories/632c5b9820b1aa1ad2791c2b/file-1667316422754.jpeg-----GET-----Not found!
error: Nov-29-2022 09:36:58: 	b32d8ada-d761-4114-aa6d-4859eb21a766----/images/categories/632c5b9820b1aa1ad2791c2b/file-1667316422754.jpeg-----GET-----Not found!
error: Nov-29-2022 09:41:50: 	80f6d17b-9a80-440f-b3b0-5a78c280f6bf----/images/categories/632c5b9820b1aa1ad2791c2b/file-1667316422754.jpeg-----GET-----Not found!
error: Nov-29-2022 09:43:05: 	8564abea-72e2-42b3-bc21-de3e0f8daa2e----/v1/categories/categoryImage/633552fd610fd99f560431b8-----PATCH-----Not found!
error: Nov-29-2022 09:43:41: 	8c4b469d-0440-46df-8e8d-f1d43b212635----/images/categories/632c5b9820b1aa1ad2791c2b/file-1667316422754.jpeg-----GET-----Not found!
error: Nov-29-2022 09:44:12: 	df392b1e-9ab2-4618-be7f-651d5ea57995----/images/categories/632c5b9820b1aa1ad2791c2b/file-1667316422754.jpeg-----GET-----Not found!
error: Nov-29-2022 09:44:43: 	c4546439-6c3b-44c8-a061-498aae1c6baa----/v1/categories/categoryImage/6361458d39da68b8f55c03ef-----PATCH-----Not found!
error: Nov-29-2022 09:48:30: 	06c31055-7cfa-4725-bd9b-2740a7b1fe9a----/v1/categories/categoryImage/6361458d39da68b8f55c03ef-----PATCH-----Not found!
error: Nov-29-2022 09:48:41: 	77f17994-6790-49f9-be74-8ebe421f81d0----/v1/categories/categoryImage/6361458d39da68b8f55c03ef-----GET-----Not found!
error: Nov-29-2022 09:48:42: 	0b899d68-6765-477d-879d-544bcee11c9a----/favicon.ico-----GET-----Not found!
error: Nov-29-2022 09:49:31: 	47708e8e-7efc-4f1e-b225-ac7faff3c336----/images/categories/6361458d39da68b8f55c03ef/file-1669690161788.jpeg-----GET-----Not found!
error: Nov-29-2022 09:49:31: 	ea13d9b5-323d-411e-b3ca-44af026392b8----/images/categories/632c5b9820b1aa1ad2791c2b/file-1667316422754.jpeg-----GET-----Not found!
error: Nov-29-2022 09:49:35: 	c6c75a3f-80bb-4964-a8d6-d81b44db5a29----/v1/categories/categoryImage/6361458d39da68b8f55c03ef-----PATCH-----Not found!
error: Nov-29-2022 09:50:02: 	28fa8907-175d-4ceb-aa57-1b3ac0c87e09----/images/categories/6361458d39da68b8f55c03ef/file-1669690161788.jpeg-----GET-----Not found!
error: Nov-29-2022 09:50:02: 	bf090f2c-9c07-4c95-bfc5-da4ac8e62fa2----/images/categories/632c5b9820b1aa1ad2791c2b/file-1667316422754.jpeg-----GET-----Not found!
error: Nov-29-2022 09:50:07: 	18999cb7-9baa-4688-a5d2-8e548907555c----/images/categories/6361458d39da68b8f55c03ef/file-1669690206905.jpeg-----GET-----Not found!
error: Nov-29-2022 09:52:41: 	34b8b701-0618-4368-98d8-da29c02eb16b----/uploads/images/categories/6361458d39da68b8f55c03ef/file-1669690206905.jpeg-----GET-----Not found!
error: Nov-29-2022 09:52:41: 	121e823a-2ae1-409b-aecc-e02d78b069b0----/uploadsnull-----GET-----Not found!
error: Nov-29-2022 09:52:41: 	fae74150-5a01-4f7e-ae59-07fbbc1de4fa----/uploads/images/categories/632c5b9820b1aa1ad2791c2b/file-1667316422754.jpeg-----GET-----Not found!
error: Nov-29-2022 09:52:48: 	e07bbe99-ad99-42a8-a303-13547d15a2ce----/uploads/images/categories/6361458d39da68b8f55c03ef/file-1669690206905.jpeg-----GET-----Not found!
error: Nov-29-2022 09:52:48: 	4be45333-a0de-41c2-8e94-cf760b78f667----/uploadsnull-----GET-----Not found!
error: Nov-29-2022 09:52:48: 	fcbeb4ea-5f63-41ef-9d89-b864e106c548----/uploads/images/categories/632c5b9820b1aa1ad2791c2b/file-1667316422754.jpeg-----GET-----Not found!
error: Nov-29-2022 09:54:14: 	bdc8e5da-9f8f-4ce8-ab6e-d545f8fef022----/uploads/images/categories/6361458d39da68b8f55c03ef/file-1669690206905.jpeg-----GET-----Not found!
error: Nov-29-2022 09:54:14: 	03079188-8218-413b-8829-62a0613495e6----/uploads/images/categories/632c5b9820b1aa1ad2791c2b/file-1667316422754.jpeg-----GET-----Not found!
error: Nov-29-2022 09:54:29: 	2a436afd-e355-4a06-a9f6-1532737803b6----/uploads/images/categories/6361458d39da68b8f55c03ef/file-1669690469296.jpeg-----GET-----Not found!
error: Nov-29-2022 09:54:49: 	d85ccec2-0c33-4803-8308-c5346c2fef47----/uploads/images/categories/6361458d39da68b8f55c03ef/file-1669690469296.jpeg-----GET-----Not found!
error: Nov-29-2022 09:55:17: 	33436f47-4a26-4b98-9725-32c77ab4aac5----/uploads/images/categories/6361458d39da68b8f55c03ef/file-1669690146948.jpeg-----GET-----Not found!
error: Nov-29-2022 10:01:16: 	86e8ddb8-e0ce-48ac-a4f7-5c22139ebadc----/uploads/images/categories/6361458d39da68b8f55c03ef/file-1669690146948.jpeg-----GET-----Not found!
error: Nov-29-2022 10:01:28: 	67bb7c83-ada6-4e85-bb93-3852503815db----/public/uploads/images/categories/6361458d39da68b8f55c03ef/file-1669690146948.jpeg-----GET-----Not found!
error: Nov-29-2022 10:01:45: 	5e72db0b-f466-4a7e-8b43-feb49d89cc03----/public/uploads/images/categories/6361458d39da68b8f55c03ef/file-1669690146948.jpeg-----GET-----Not found!
error: Nov-29-2022 10:02:00: 	eac662fd-20aa-4ae3-983f-466c3db2251a----/uploads/images/categories/6361458d39da68b8f55c03ef/file-1669690146948.jpeg-----GET-----Not found!
error: Nov-29-2022 10:04:24: 	bceb3787-67ee-42ba-b66e-d6a17feb4221----/uploads/images/categories/6361458d39da68b8f55c03ef/file-1669691032948.jpeg-----GET-----Not found!
error: Nov-29-2022 10:16:38: 	d842965d-ff53-4a2b-97c8-bf8de361e5ef----/categoriesOnlineShopMongoose/-----GET-----Not found!
error: Nov-29-2022 10:17:06: 	7732a518-367b-4827-bb50-0ab253e639ae----/uploads/images/categories/6361458d39da68b8f55c03ef/file-1669691779034.jpeg-----GET-----Not found!
error: Nov-29-2022 10:17:12: 	a02692a3-422b-4348-9aa5-d9afb404a77f----/uploads/images/categories/6361458d39da68b8f55c03ef/file-1669691779034.jpeg-----GET-----Not found!
error: Nov-29-2022 10:17:13: 	61af55b4-6ffb-4484-8c5f-a9d04ac9300d----/uploads/images/categories/6361458d39da68b8f55c03ef/file-1669691779034.jpeg-----GET-----Not found!
error: Nov-29-2022 10:18:11: 	f0b2f61d-4715-4882-9be2-ce45185567c0----/images/categories/6361458d39da68b8f55c03ef/file-1669691779034.jpeg-----GET-----Not found!
error: Nov-29-2022 10:18:13: 	43aa3d36-0276-4d51-8750-335c339943de----/images/categories/6361458d39da68b8f55c03ef/file-1669691779034.jpeg-----GET-----Not found!
error: Nov-29-2022 10:18:14: 	a45e891f-faf1-411c-8a6c-5ebd4d9bc599----/images/categories/6361458d39da68b8f55c03ef/file-1669691779034.jpeg-----GET-----Not found!
error: Nov-29-2022 10:20:54: 	34ecf9be-a566-46e1-920f-084c6bbc36b2----/images/categories/6361458d39da68b8f55c03ef/file-1669691779034.jpeg-----GET-----Not found!
error: Nov-29-2022 10:20:55: 	8aa6fd43-8ee2-41ba-9f58-bec6b7fc776a----/images/categories/6361458d39da68b8f55c03ef/file-1669691779034.jpeg-----GET-----Not found!
error: Nov-29-2022 10:20:56: 	d415b6da-2a0c-4bed-95da-bd5770dda45e----/images/categories/6361458d39da68b8f55c03ef/file-1669691779034.jpeg-----GET-----Not found!
error: Nov-29-2022 10:20:59: 	0e377c51-f5bf-4e49-b7f8-a53ffa9781ef----/images/categories/637f39fcd8649cd1299e506e/file-1669691489337.jpeg-----GET-----Not found!
error: Nov-29-2022 10:21:00: 	1c953d12-0168-4073-9323-dd3caae2acce----/images/categories/637f39fcd8649cd1299e506e/file-1669691489337.jpeg-----GET-----Not found!
error: Nov-29-2022 10:21:07: 	12ed9b58-08fa-4b25-a5c2-d2a04209a349----/images/categories/6361458d39da68b8f55c03ef/file-1669691779034.jpeg-----GET-----Not found!
error: Nov-29-2022 10:21:08: 	e1b5e8b0-d08a-4314-8097-c8e4c567dd1b----/images/categories/6361458d39da68b8f55c03ef/file-1669691779034.jpeg-----GET-----Not found!
error: Nov-29-2022 10:21:08: 	da8a903a-e2a5-4e07-90ea-287239b8f2fd----/images/categories/6361458d39da68b8f55c03ef/file-1669691779034.jpeg-----GET-----Not found!
error: Nov-29-2022 10:21:09: 	15e93a32-28b0-41be-a036-a1bbfc9b608f----/images/categories/6361458d39da68b8f55c03ef/file-1669691779034.jpeg-----GET-----Not found!
error: Nov-29-2022 10:21:18: 	41a43caf-10c4-4508-9287-1760ac899abe----/uploads/images/categories/6361458d39da68b8f55c03ef/file-1669691779034.jpeg-----GET-----Not found!
error: Nov-29-2022 10:22:47: 	b892ca07-9640-4714-aac6-71088003cf10----/uploads/uploads/images/categories/6361458d39da68b8f55c03ef/file-1669691779034.jpeg-----GET-----Not found!
error: Nov-29-2022 10:22:47: 	073e2f7c-a746-4f2c-aa52-56a8fb4039ab----/uploads/images/categories/632c5b9820b1aa1ad2791c2b/file-1667316422754.jpeg-----GET-----Not found!
error: Nov-29-2022 10:23:47: 	1583f8bd-4a81-46ae-92e7-8518a333d38e----//uploads/images/categories/6361458d39da68b8f55c03ef/file-1669691779034.jpeg-----GET-----Not found!
error: Nov-29-2022 10:23:47: 	c7c326a6-9eca-4259-84b5-d92ce81c5796----//images/categories/632c5b9820b1aa1ad2791c2b/file-1667316422754.jpeg-----GET-----Not found!
error: Nov-29-2022 10:23:49: 	585eb8ed-94d9-4dad-b482-24ac6ca575c6----/uploads/images/categories/6361458d39da68b8f55c03ef/file-1669691779034.jpeg-----GET-----Not found!
error: Nov-29-2022 10:23:49: 	158b4792-1471-4196-a231-0d2cdceb9298----/images/categories/632c5b9820b1aa1ad2791c2b/file-1667316422754.jpeg-----GET-----Not found!
error: Nov-29-2022 10:23:53: 	f8a8c85a-285e-44a6-bbf9-dc1911134070----/uploads/images/categories/6361458d39da68b8f55c03ef/file-1669691779034.jpeg-----GET-----Not found!
error: Nov-29-2022 10:23:53: 	665d916f-55da-4730-a242-af8b706fe004----/images/categories/632c5b9820b1aa1ad2791c2b/file-1667316422754.jpeg-----GET-----Not found!
error: Nov-29-2022 10:26:36: 	60efd711-9488-4503-b3fa-cde26da420b4----/uploads/images/categories/6361458d39da68b8f55c03ef/file-1669691779034.jpeg-----GET-----Not found!
error: Nov-29-2022 10:26:36: 	882ae06c-fbe2-476b-a38c-f1ac94c25d4a----/images/categories/632c5b9820b1aa1ad2791c2b/file-1667316422754.jpeg-----GET-----Not found!
error: Nov-29-2022 10:27:03: 	0a1483ce-ab1c-4dac-8c3f-4abc5de2909a----/uploads/images/categories/6361458d39da68b8f55c03ef/file-1669691779034.jpeg-----GET-----Not found!
error: Nov-29-2022 10:27:06: 	bf4eaa6a-2f3b-40e6-b110-42fa1ba0ec2b----/uploads/images/categories/6361458d39da68b8f55c03ef/file-1669691779034.jpeg-----GET-----Not found!
error: Nov-29-2022 10:27:15: 	88314dc8-2b9c-4499-b6f8-cb93939ff61e----/images/categories/6361458d39da68b8f55c03ef/file-1669691779034.jpeg-----GET-----Not found!
error: Nov-29-2022 10:27:22: 	520dd2c7-1696-4505-8e0d-eaa0cff43c7c----/images/categories/632c5b9820b1aa1ad2791c2b/file-1667316422754.jpeg-----GET-----Not found!
error: Nov-29-2022 10:27:22: 	7a517687-76fd-4341-82d7-0e53fc56863d----/uploads/images/categories/6361458d39da68b8f55c03ef/file-1669691779034.jpeg-----GET-----Not found!
error: Nov-29-2022 10:27:44: 	5a787b09-0b5d-4186-894f-d143f4bc6b2c----/images/categories/632c4b02ec2ad3757f85c06a/file-1669277506506.jpeg-----GET-----Not found!
error: Nov-29-2022 10:27:51: 	8ac79787-314a-4475-9b14-75ce1de936de----/uploads/images/categories/6361458d39da68b8f55c03ef/file-1669691779034.jpeg-----GET-----Not found!
error: Nov-29-2022 10:27:51: 	4f6be8e6-12f5-4b5b-9de1-312d80f20cf6----/images/categories/632c5b9820b1aa1ad2791c2b/file-1667316422754.jpeg-----GET-----Not found!
error: Nov-29-2022 10:28:02: 	838f1677-7a07-48ac-8f4b-54ba0a037985----/uploads/images/categories/6361458d39da68b8f55c03ef/file-1669692481919.jpeg-----GET-----Not found!
error: Nov-29-2022 10:28:25: 	6d1040f9-fd2a-4b4c-baff-eebef1d5838a----/uploads/images/categories/6361458d39da68b8f55c03ef/file-1669692481919.jpeg-----GET-----Not found!
error: Nov-29-2022 10:29:19: 	a87d9d30-fcf1-4fae-b148-307a71124dcb----/images/categories/632c5b9820b1aa1ad2791c2b/file-1667316422754.jpeg-----GET-----Not found!
error: Nov-29-2022 10:29:19: 	79ffb7be-9975-47f1-bf3d-24fa7c46d889----/uploads/images/categories/6361458d39da68b8f55c03ef/file-1669692481919.jpeg-----GET-----Not found!
error: Nov-29-2022 10:31:40: 	a29f0282-18dc-4d98-bb5e-303401e165b1----/uploads/images/categories/6361458d39da68b8f55c03ef/file-1669692675308.jpeg-----GET-----Not found!
error: Nov-29-2022 10:32:11: 	362f7980-00d0-48ed-8457-e6ce93a000bc----/uploads/images/categories/6361458d39da68b8f55c03ef/file-1669692675308.jpeg-----GET-----Not found!
error: Nov-29-2022 10:32:37: 	82fd467f-d766-46d5-abba-de82daccf14b----/images/categories/632c5b9820b1aa1ad2791c2b/file-1667316422754.jpeg-----GET-----Not found!
error: Nov-29-2022 10:32:37: 	e1a0eeb5-58cf-408c-a3c4-c88cca0ab64a----/uploads/images/categories/6361458d39da68b8f55c03ef/file-1669692675308.jpeg-----GET-----Not found!
error: Nov-29-2022 10:34:59: 	86e9b081-deec-4fab-b38e-445ac6e8e836----/uploads/images/categories/6361458d39da68b8f55c03ef/file-1669692675308.jpeg-----GET-----Not found!
error: Nov-29-2022 10:39:00: 	19460d7f-4d8d-4f0f-babe-869e1f85f31a----/uploads/images/categories/6361458d39da68b8f55c03ef/file-1669692675308.jpeg-----GET-----Not found!
error: Nov-29-2022 10:39:04: 	fa6b08f7-7276-4576-ae3b-146bbe10f9fa----/uploads/images/categories/6361458d39da68b8f55c03ef/file-1669692675308.jpeg-----GET-----Not found!
error: Nov-29-2022 10:39:04: 	fabe54c1-408d-4d11-9918-48406284ea1d----/uploads/images/categories/6361458d39da68b8f55c03ef/file-1669692675308.jpeg-----GET-----Not found!
error: Nov-29-2022 10:39:40: 	0d3338a0-836a-417b-82f5-f7e0b48ab6ca----/uploads/images/categories/6361458d39da68b8f55c03ef/file-1669693165938.jpeg-----GET-----Not found!
error: Nov-29-2022 10:39:42: 	8017d6d6-0b09-4a4d-b20f-1f686b9335ea----/uploads/images/categories/6361458d39da68b8f55c03ef/file-1669693165938.jpeg-----GET-----Not found!
error: Nov-29-2022 10:42:30: 	bea8eb0e-907f-48b0-865c-923e3efbae5d----/images/icon03.png-----GET-----Not found!
error: Nov-29-2022 10:44:21: 	96c7113f-1808-4b8f-a9d4-d73633bb695d----/images/icon03.png-----GET-----Not found!
error: Nov-29-2022 10:46:00: 	2a4c7e66-7a2b-494e-b926-648fd4d5430f----/images/icon03.png-----GET-----Not found test!
error: Nov-29-2022 10:48:27: 	b60f69b4-3b69-4a86-9817-bb3152ee31f0----/images/icon03.png-----GET-----Not found test!
error: Nov-29-2022 10:49:45: 	89bfb317-f34e-475c-b1bf-9e5be10662d4----/images/icon03.png-----GET-----Not found test!
error: Nov-29-2022 10:49:46: 	25c27cae-b627-4334-802d-666cededf0c5----/images/icon03.png-----GET-----Not found test!
error: Nov-29-2022 10:49:46: 	bdcb77d1-3b98-4762-b9cf-9f9bd61b3420----/images/icon03.png-----GET-----Not found test!
error: Nov-29-2022 10:49:47: 	26e68cee-b345-4f01-86ad-6de517e82684----/images/icon03.png-----GET-----Not found test!
error: Nov-29-2022 10:50:36: 	9a30425e-14db-45b2-9b19-ec908ec98316----/images/icon03.png-----GET-----Not found test!
error: Nov-29-2022 10:50:36: 	3d1faa6b-e53b-4ad6-9aca-60c10ce69f78----/images/icon03.png-----GET-----Not found test!
error: Nov-29-2022 10:50:37: 	b0937921-ffe8-4729-b85e-97b37986b9d8----/images/icon03.png-----GET-----Not found test!
error: Nov-29-2022 10:50:37: 	d2932b9d-fc5d-4878-a69e-6245354599ab----/images/icon03.png-----GET-----Not found test!
error: Nov-29-2022 10:50:39: 	ac3a1f95-74ff-45ba-bbec-4b9e0918b205----/images/icon03.png-----GET-----Not found test!
error: Nov-29-2022 10:51:21: 	c8c02eca-bb87-4168-af4d-28502f5bc886----/images/icon03.png-----GET-----Not found test!
error: Nov-29-2022 10:51:21: 	05d88c3d-109a-46c0-9688-3903180b616c----/images/icon03.png-----GET-----Not found test!
error: Nov-29-2022 10:51:22: 	93798c39-f4b2-413b-be42-cc8ba2a159cf----/images/icon03.png-----GET-----Not found test!
error: Nov-29-2022 10:55:30: 	4a799fec-45e0-408e-8448-eb6fac996213----/images/icon03.png-----GET-----Not found test!
error: Nov-29-2022 10:55:31: 	1e1f162f-7dc1-41bb-9c74-cfbf120ce701----/images/icon03.png-----GET-----Not found test!
error: Nov-29-2022 10:55:32: 	ddc63cb4-57b7-4bbf-bb69-375974813834----/images/icon03.png-----GET-----Not found test!
error: Nov-29-2022 10:55:48: 	94ca235b-fa7a-401f-bb71-d0d8aac530c4----/images/icon03.png-----GET-----Not found test!
error: Nov-29-2022 10:55:48: 	9e5fbf20-3cbe-4f5f-9dd1-99e46973f671----/images/icon03.png-----GET-----Not found test!
error: Nov-29-2022 10:55:53: 	30d889ae-8e99-47b8-b336-8848a6c56854----/images/icon03.png-----GET-----Not found test!
error: Nov-29-2022 10:56:31: 	438f0447-9f2c-4319-a4d2-6daa9b2fe946----/images/icon03.png-----GET-----Not found test!
error: Nov-29-2022 10:56:31: 	47172d5c-6332-4762-969b-44c0f18028ba----/images/icon03.png-----GET-----Not found test!
error: Nov-29-2022 10:56:31: 	587f8940-8179-4351-9f02-ebb1dc581c33----/images/icon03.png-----GET-----Not found test!
error: Nov-29-2022 10:56:35: 	1e8961c5-baa7-4777-b5c7-2b3c49a180d9----/images/icon03.png-----GET-----Not found test!
error: Nov-29-2022 10:57:42: 	48f2dbea-f224-4a2d-af30-faa3422e9286----/images/icon03.png-----GET-----Not found test!
error: Nov-29-2022 11:00:11: 	fa6b4bd1-fea8-4fe9-981a-f61fd93f0b1f----/images/icon03.png-----GET-----Not found test!
error: Nov-29-2022 11:00:12: 	522cc289-a4f2-4f9a-a243-f2a287f61785----/images/icon03.png-----GET-----Not found test!
error: Nov-29-2022 11:15:29: 	a06d3595-dfb8-48b2-8369-cbdfea27c2b3----/images/icon03.png-----GET-----Not found test!
error: Nov-29-2022 11:19:01: 	b0355cb8-7000-492b-99bc-32e54d1d43d6----/images/icon03.png-----GET-----Not found test!
error: Nov-29-2022 11:19:04: 	9c7a4eb4-aa33-459d-815e-6a446e7d5733----/images/icon03.png-----GET-----Not found test!
error: Nov-29-2022 11:19:21: 	4c975b32-4574-446c-9a60-9b5c2b9ab318----/images/icon03.png-----GET-----Not found test!
error: Nov-29-2022 11:19:23: 	e46b3637-8bb3-4844-b34b-2a5e80a0e07a----/images/icon03.png-----GET-----Not found test!
error: Nov-29-2022 11:21:07: 	9f75b828-cc09-4e09-a0c5-f06cd3b8e3d5----/images/test.jpeg-----GET-----Not found test!
error: Nov-29-2022 11:33:35: 	ecef5fc6-4e48-4a86-b4d7-0ee2ac273a97----/images/test.jpeg-----GET-----Not found test!
error: Nov-29-2022 11:33:38: 	89a4266c-54ab-4e78-afda-a6a181a12ca3----/images/test.jpeg-----GET-----Not found test!
error: Nov-29-2022 11:33:41: 	fbbd0699-ca5f-4ea4-9a9e-df15c249e0f6----/images/test.jpeg-----GET-----Not found test!
error: Nov-29-2022 11:33:41: 	565aca12-3f0c-4b36-b48f-34ee4c48b34e----/images/test.jpeg-----GET-----Not found test!
error: Nov-29-2022 11:33:51: 	e2a26714-afb6-4e35-8d09-7d16861a033f----/images/icon03.png-----GET-----Not found test!
error: Nov-29-2022 11:34:02: 	8d7088e0-e8bf-48bc-986d-40446b0373f0----/images/icon03.png-----GET-----Not found test!
error: Nov-29-2022 13:32:30: 	604595d9-3804-413b-9408-502ba91624b6----/favicon.ico-----GET-----Not found test!
error: Nov-29-2022 13:33:31: 	b8313202-6d77-49d8-9be3-7bf41e9664af----/images/categories/632c5b9820b1aa1ad2791c2b/file-1667316422754.jpeg-----GET-----Not found test!
error: Nov-29-2022 13:34:22: 	a3663b43-7613-4c0f-a656-d7b9504bf960----/images/categories/632c5b9820b1aa1ad2791c2b/file-1667316422754.jpeg-----GET-----Not found test!
error: Nov-29-2022 13:43:01: 	7c5fa6e6-7bd4-4b53-9eff-6dfff369cac3----/images/categories/632c5b9820b1aa1ad2791c2b/file-1667316422754.jpeg-----GET-----Not found test!
error: Nov-29-2022 13:46:19: 	b4940f9b-71f6-469d-b91f-3c0faa1277e3----/images/categories/632c5b9820b1aa1ad2791c2b/file-1667316422754.jpeg-----GET-----Not found test!
error: Nov-29-2022 13:46:39: 	8ff09916-6a0f-4993-98e0-8a3ae2b12747----/images/categories/632c4b02ec2ad3757f85c06a/file-1669277506506.jpeg-----GET-----Not found test!
error: Nov-29-2022 13:56:33: 	c96a8da6-2d0d-4bfd-bac5-c5feab2f3ac3----/uploads/images/categories/6385a98f06289d79aef1eb78/file-1669704770235.jpeg-----GET-----Not found test!
error: Nov-29-2022 13:56:33: 	ad1d4409-11e1-4d20-b345-9fc8237d6b6f----/uploads/images/categories/6361458d39da68b8f55c03ef/file-1669693165938.jpeg-----GET-----Not found test!
error: Nov-29-2022 13:56:33: 	7fdb00b8-12cf-4d61-8f2b-725debb3d229----/uploads/images/categories/6361458339da68b8f55c03ec/file-1669704482932.jpeg-----GET-----Not found test!
error: Nov-29-2022 13:56:33: 	9ad72da2-4b42-43bd-aee8-39e5b3b4145a----/uploads/images/categories/63613e2b91c19f258b1e7a5a/file-1669704433808.jpeg-----GET-----Not found test!
error: Nov-29-2022 13:57:37: 	63722a25-b223-4117-aded-9b132c721a55----/images/categories/6385a98f06289d79aef1eb78/file-1669704770235.jpeg-----GET-----Not found test!
error: Nov-29-2022 13:57:37: 	6709175b-17b4-4d5a-bfe2-dc8eb6d0beb1----/images/categories/6361458d39da68b8f55c03ef/file-1669693165938.jpeg-----GET-----Not found test!
error: Nov-29-2022 13:57:37: 	f7cd6693-3851-473d-84e1-0d9d0ab35689----/images/categories/6361458339da68b8f55c03ec/file-1669704482932.jpeg-----GET-----Not found test!
error: Nov-29-2022 13:57:37: 	ab01167a-dd86-4656-8820-df373442bb50----/images/categories/63613e2b91c19f258b1e7a5a/file-1669704433808.jpeg-----GET-----Not found test!
error: Nov-29-2022 13:57:37: 	046a8bf9-e325-4aa0-ad6c-04e48a2a5454----/images/categories/6360fd245bfd5ca168acf462/file-1669703645649.jpeg-----GET-----Not found test!
error: Nov-29-2022 13:57:37: 	00d94fe8-12f5-437b-abc5-00f8973a12c4----/images/categories/636080524237a429814a6031/file-1669704165011.jpeg-----GET-----Not found test!
error: Nov-29-2022 13:57:37: 	fe484b68-8c36-4041-864d-e26c5b285560----/images/categories/632c5b9820b1aa1ad2791c2b/file-1669704398039.jpeg-----GET-----Not found test!
error: Nov-29-2022 13:58:03: 	532cec5e-9ad9-462f-b8b2-bd504a220680----/uploads/images/categories/6385a98f06289d79aef1eb78/file-1669704770235.jpeg-----GET-----Not found test!
error: Nov-29-2022 13:58:03: 	4761b071-90bf-430d-9cd9-aa52bfda141f----/uploads/images/categories/6361458d39da68b8f55c03ef/file-1669693165938.jpeg-----GET-----Not found test!
error: Nov-29-2022 13:58:03: 	e1bbd8fd-2f16-411e-9957-1ac987491d62----/uploads/images/categories/6361458339da68b8f55c03ec/file-1669704482932.jpeg-----GET-----Not found test!
error: Nov-29-2022 13:58:03: 	49997812-347f-4453-83f9-15335b1acea5----/uploads/images/categories/63613e2b91c19f258b1e7a5a/file-1669704433808.jpeg-----GET-----Not found test!
error: Nov-29-2022 13:58:06: 	0ef78f26-b3c4-4463-9eb9-1c723a638b29----/uploads/images/categories/6385a98f06289d79aef1eb78/file-1669704770235.jpeg-----GET-----Not found test!
error: Nov-29-2022 13:58:06: 	ac791064-246d-48a9-be61-68182c30d204----/uploads/images/categories/6361458d39da68b8f55c03ef/file-1669693165938.jpeg-----GET-----Not found test!
error: Nov-29-2022 13:58:06: 	b01fefa9-e9cc-417f-b663-f9b5f6816b8e----/uploads/images/categories/6361458339da68b8f55c03ec/file-1669704482932.jpeg-----GET-----Not found test!
error: Nov-29-2022 13:58:06: 	c83f763d-330a-46a9-ad0b-582d45b23fc8----/uploads/images/categories/63613e2b91c19f258b1e7a5a/file-1669704433808.jpeg-----GET-----Not found test!
error: Nov-29-2022 13:58:32: 	ba9a923f-30a7-4b63-bb7d-d924fbbdce8e----/uploads/images/categories/6385a98f06289d79aef1eb78/file-1669704770235.jpeg-----GET-----Not found test!
error: Nov-29-2022 13:59:08: 	6a80f71b-89ea-4fe6-8262-edf75cbe7add----/uploads/images/categories/6361458d39da68b8f55c03ef/file-1669693165938.jpeg-----GET-----Not found test!
error: Nov-29-2022 13:59:08: 	81118c96-7d89-419a-9a49-885daeeb443d----/uploads/images/categories/6361458339da68b8f55c03ec/file-1669704482932.jpeg-----GET-----Not found test!
error: Nov-29-2022 13:59:08: 	9552fcab-7b21-4614-b8c2-767cb80b54ce----/uploads/images/categories/6385a98f06289d79aef1eb78/file-1669704770235.jpeg-----GET-----Not found test!
error: Nov-29-2022 13:59:08: 	460c8c39-59e4-47fa-adbc-58e2ced3d432----/uploads/images/categories/63613e2b91c19f258b1e7a5a/file-1669704433808.jpeg-----GET-----Not found test!
error: Nov-29-2022 14:01:08: 	095cba3c-c006-4760-83aa-e5a45413f02f----/uploads/images/categories/637f39fcd8649cd1299e506e/file-1669691489337.jpeg-----GET-----Not found test!
error: Nov-29-2022 14:01:08: 	0267b5c0-6c54-467a-adb2-836955710be4----/uploads/images/categories/63734c33d5fdd0fee4db3f08/file-1669277531128.jpeg-----GET-----Not found test!
error: Nov-29-2022 14:01:08: 	8689528a-f5ef-4950-b323-7350af934e7b----/uploads/images/categories/initiation/file-1667966155416.jpeg-----GET-----Not found test!
error: Nov-29-2022 14:01:08: 	b2db21ec-fcbb-4763-bf79-fb63847887a5----/uploads/images/categories/636b189df8c59ce6faea8141/file-1668497147453.jpeg-----GET-----Not found test!
error: Nov-29-2022 14:01:26: 	e06013d7-b14b-418d-9035-5be5c3c98099----/uploads/images/categories/63734c33d5fdd0fee4db3f08/file-1669277531128.jpeg-----GET-----Not found test!
error: Nov-29-2022 14:01:26: 	9fa3e9c2-181a-4111-848e-bdf74f4ce1de----/uploads/images/categories/637f39fcd8649cd1299e506e/file-1669691489337.jpeg-----GET-----Not found test!
error: Nov-29-2022 14:01:26: 	8d51b9ed-55f6-423d-a809-0671b9caba4b----/uploads/images/categories/initiation/file-1667966155416.jpeg-----GET-----Not found test!
error: Nov-29-2022 14:01:26: 	dad4392c-7e0c-40f8-b2e8-364a0c2505d9----/uploads/images/categories/636b189df8c59ce6faea8141/file-1668497147453.jpeg-----GET-----Not found test!
error: Nov-29-2022 14:03:12: 	25050cce-5805-4329-a036-3a88dc3882a8----/uploads/images/categories/637f39fcd8649cd1299e506e/file-1669691489337.jpeg-----GET-----Not found test!
error: Nov-29-2022 14:03:12: 	f0f2f64d-6632-4ba9-89e7-a65b6342a460----/uploads/images/categories/63734c33d5fdd0fee4db3f08/file-1669277531128.jpeg-----GET-----Not found test!
error: Nov-29-2022 14:03:12: 	a2d0a5a4-1ba4-4e26-906a-95123633f816----/uploads/images/categories/initiation/file-1667966155416.jpeg-----GET-----Not found test!
error: Nov-29-2022 14:03:12: 	819bb079-7e29-49b6-a644-2e47a3000f33----/uploads/images/categories/636b189df8c59ce6faea8141/file-1668497147453.jpeg-----GET-----Not found test!
error: Nov-29-2022 14:04:36: 	8caa7f9e-1232-4aea-874e-9d303117e875----/uploads/images/categories/637f39fcd8649cd1299e506e/file-1669691489337.jpeg-----GET-----Not found test!
error: Nov-29-2022 14:04:36: 	c708f6d2-ffbe-4d8f-b2a9-5c956b1bebab----/uploads/images/categories/63734c33d5fdd0fee4db3f08/file-1669277531128.jpeg-----GET-----Not found test!
error: Nov-29-2022 14:04:36: 	e749f025-8f24-4fea-8b1a-024540c12ea5----/uploads/images/categories/initiation/file-1667966155416.jpeg-----GET-----Not found test!
error: Nov-29-2022 14:04:36: 	a5d6bdcc-8624-47e7-be6f-b118770e7722----/uploads/images/categories/636b189df8c59ce6faea8141/file-1668497147453.jpeg-----GET-----Not found test!
error: Nov-29-2022 14:05:09: 	65091abd-ebe2-4ff6-89e1-625d974882d8----/v1/categories/categoryImage/637f39-----GET-----Not found test!
error: Nov-29-2022 14:13:38: 	a630e073-95d5-4117-aeb1-d919d792adc9----/uploads/images/categories/63734c33d5fdd0fee4db3f08/file-1669277531128.jpeg-----GET-----Not found test!
error: Nov-29-2022 14:13:38: 	e498066d-377a-48c2-8734-253da4689e24----/uploads/images/categories/initiation/file-1667966155416.jpeg-----GET-----Not found test!
error: Nov-29-2022 14:13:38: 	7095180a-d581-4b9c-a7aa-2e8e4dcf52f5----/uploads/images/categories/636b189df8c59ce6faea8141/file-1668497147453.jpeg-----GET-----Not found test!
error: Nov-29-2022 14:15:16: 	2fc802b2-854d-47ac-94f3-26468199fc8d----/uploads/images/categories/6385a98f06289d79aef1eb78/file-1669705177680.jpeg-----GET-----Not found test!
error: Nov-29-2022 14:15:16: 	bbd6e544-3fad-4400-93eb-cd57cbddd0fc----/uploads/images/categories/6361458d39da68b8f55c03ef/file-1669705173433.jpeg-----GET-----Not found test!
error: Nov-29-2022 14:15:16: 	b8cd9bc4-bad3-4c1d-9924-8689f976b8bf----/uploads/images/categories/6361458339da68b8f55c03ec/file-1669705169234.jpeg-----GET-----Not found test!
error: Nov-29-2022 14:15:16: 	c68e321a-3fb0-4665-bcb4-d377aa9bac5a----/uploads/images/categories/63613e2b91c19f258b1e7a5a/file-1669705164974.jpeg-----GET-----Not found test!
error: Nov-29-2022 14:15:16: 	f27e92bc-abe3-45be-a14e-61621aa8f186----/uploads/images/categories/6360fd245bfd5ca168acf462/file-1669703645649.jpeg-----GET-----Not found test!
error: Nov-29-2022 14:15:16: 	33aa3d0f-d624-4bd7-be72-66ae4eea4bfd----/uploads/images/categories/636080524237a429814a6031/file-1669704165011.jpeg-----GET-----Not found test!
error: Nov-29-2022 14:15:16: 	a83a2070-8cb2-4e0a-9f10-6ca15f9a3a19----/uploads/images/categories/632c5b9820b1aa1ad2791c2b/file-1669704398039.jpeg-----GET-----Not found test!
error: Nov-29-2022 14:15:53: 	ad03e959-054e-4174-b0cb-efc3c060ee13----/uploads/images/categories/632c4b02ec2ad3757f85c06a/file-1669704403796.jpeg-----GET-----Not found test!
error: Nov-29-2022 16:16:12: 	db50075c-c645-403a-9f6c-debc62de7417----/v1/categories/categoryImage/6360805%E2%80%A6%20400%20(Bad%20Request)%20%EF%BB%BF-----GET-----Not found test!
